<?xml version="1.0" encoding="UTF-8"?>
<testsuite xmlns:xsi="http://www.w3.org/2001/XMLSchema-instance" xsi:noNamespaceSchemaLocation="https://maven.apache.org/surefire/maven-surefire-plugin/xsd/surefire-test-report-3.0.xsd" version="3.0" name="com.cjx.demo.util.CheckUtilTest" time="1.098" tests="6" errors="0" skipped="0" failures="0">
  <properties>
[...]
</properties>
  <testcase name="testCheckCurrencyInputLessLength" classname="com.cjx.demo.util.CheckUtilTest" time="0.217"/>
  <testcase name="testCheckCurrencyInputLowerCase" classname="com.cjx.demo.util.CheckUtilTest" time="0.003"/>
  <testcase name="testCheckCurrencyInputWithSpecialChar" classname="com.cjx.demo.util.CheckUtilTest" time="0.003"/>
  <testcase name="testCheckCurrencyInputNormal" classname="com.cjx.demo.util.CheckUtilTest" time="0.004"/>
  <testcase name="testCheckCurrencyInputWithNum" classname="com.cjx.demo.util.CheckUtilTest" time="0.003"/>
  <testcase name="testCheckCurrencyInputOverLength" classname="com.cjx.demo.util.CheckUtilTest" time="0.003"/>
</testsuite>